Flow report for Max_10_Buffer
Sat Dec 29 13:32:59 2018
Quartus Prime Version 18.1.0 Build 625 09/12/2018 SJ Lite Edition


---------------------
; Table of Contents ;
---------------------
  1. Legal Notice
  2. Flow Summary
  3. Flow Settings
  4. Flow Non-Default Global Settings
  5. Flow Elapsed Time
  6. Flow OS Summary
  7. Flow Log
  8. Flow Messages
  9. Flow Suppressed Messages



----------------
; Legal Notice ;
----------------
Copyright (C) 2018  Intel Corporation. All rights reserved.
Your use of Intel Corporation's design tools, logic functions 
and other software and tools, and its AMPP partner logic 
functions, and any output files from any of the foregoing 
(including device programming or simulation files), and any 
associated documentation or information are expressly subject 
to the terms and conditions of the Intel Program License 
Subscription Agreement, the Intel Quartus Prime License Agreement,
the Intel FPGA IP License Agreement, or other applicable license
agreement, including, without limitation, that your use is for
the sole purpose of programming logic devices manufactured by
Intel and sold by Intel or its authorized distributors.  Please
refer to the applicable agreement for further details.



+----------------------------------------------------------------------------------+
; Flow Summary                                                                     ;
+------------------------------------+---------------------------------------------+
; Flow Status                        ; Successful - Sat Dec 29 13:32:50 2018       ;
; Quartus Prime Version              ; 18.1.0 Build 625 09/12/2018 SJ Lite Edition ;
; Revision Name                      ; Max_10_Buffer                               ;
; Top-level Entity Name              ; single_buffer_top                           ;
; Family                             ; MAX 10                                      ;
; Device                             ; 10M08SAE144C8G                              ;
; Timing Models                      ; Final                                       ;
; Total logic elements               ; 340 / 8,064 ( 4 % )                         ;
;     Total combinational functions  ; 249 / 8,064 ( 3 % )                         ;
;     Dedicated logic registers      ; 242 / 8,064 ( 3 % )                         ;
; Total registers                    ; 242                                         ;
; Total pins                         ; 57 / 101 ( 56 % )                           ;
; Total virtual pins                 ; 0                                           ;
; Total memory bits                  ; 0 / 387,072 ( 0 % )                         ;
; Embedded Multiplier 9-bit elements ; 0 / 48 ( 0 % )                              ;
; Total PLLs                         ; 0 / 1 ( 0 % )                               ;
; UFM blocks                         ; 0 / 1 ( 0 % )                               ;
; ADC blocks                         ; 0 / 1 ( 0 % )                               ;
+------------------------------------+---------------------------------------------+


+-----------------------------------------+
; Flow Settings                           ;
+-------------------+---------------------+
; Option            ; Setting             ;
+-------------------+---------------------+
; Start date & time ; 12/29/2018 13:31:50 ;
; Main task         ; Compilation         ;
; Revision Name     ; Max_10_Buffer       ;
+-------------------+---------------------+


+---------------------------------------------------------------------------------------------------------------------------------------------+
; Flow Non-Default Global Settings                                                                                                            ;
+---------------------------------------------------+----------------------------------------+---------------+-------------------+------------+
; Assignment Name                                   ; Value                                  ; Default Value ; Entity Name       ; Section Id ;
+---------------------------------------------------+----------------------------------------+---------------+-------------------+------------+
; ADV_NETLIST_OPT_SYNTH_WYSIWYG_REMAP               ; On                                     ; Off           ; --                ; --         ;
; COMPILER_SIGNATURE_ID                             ; 1097108010175.154611911003756          ; --            ; --                ; --         ;
; CYCLONEII_OPTIMIZATION_TECHNIQUE                  ; Speed                                  ; Balanced      ; --                ; --         ;
; FITTER_EFFORT                                     ; Standard Fit                           ; Auto Fit      ; --                ; --         ;
; FLOW_ENABLE_IO_ASSIGNMENT_ANALYSIS                ; On                                     ; Off           ; --                ; --         ;
; FLOW_ENABLE_POWER_ANALYZER                        ; On                                     ; Off           ; --                ; --         ;
; FLOW_ENABLE_RTL_VIEWER                            ; On                                     ; Off           ; --                ; --         ;
; MAX_CORE_JUNCTION_TEMP                            ; 85                                     ; --            ; --                ; --         ;
; MIN_CORE_JUNCTION_TEMP                            ; 0                                      ; --            ; --                ; --         ;
; MISC_FILE                                         ; pll120_100.bsf                         ; --            ; --                ; --         ;
; MISC_FILE                                         ; pll120_100_bb.v                        ; --            ; --                ; --         ;
; MISC_FILE                                         ; pll120_100.ppf                         ; --            ; --                ; --         ;
; MISC_FILE                                         ; pll120_60.bsf                          ; --            ; --                ; --         ;
; MISC_FILE                                         ; pll120_60_bb.v                         ; --            ; --                ; --         ;
; MISC_FILE                                         ; pll120_60.ppf                          ; --            ; --                ; --         ;
; MISC_FILE                                         ; pll120_30.bsf                          ; --            ; --                ; --         ;
; MISC_FILE                                         ; pll120_30_bb.v                         ; --            ; --                ; --         ;
; MISC_FILE                                         ; pll120_30.ppf                          ; --            ; --                ; --         ;
; MUX_RESTRUCTURE                                   ; Off                                    ; Auto          ; --                ; --         ;
; NUM_PARALLEL_PROCESSORS                           ; All                                    ; --            ; --                ; --         ;
; OPTIMIZATION_MODE                                 ; High Performance Effort                ; Balanced      ; --                ; --         ;
; PARTITION_COLOR                                   ; -- (Not supported for targeted family) ; --            ; single_buffer_top ; Top        ;
; PARTITION_FITTER_PRESERVATION_LEVEL               ; -- (Not supported for targeted family) ; --            ; single_buffer_top ; Top        ;
; PARTITION_NETLIST_TYPE                            ; -- (Not supported for targeted family) ; --            ; single_buffer_top ; Top        ;
; PHYSICAL_SYNTHESIS_ASYNCHRONOUS_SIGNAL_PIPELINING ; On                                     ; Off           ; --                ; --         ;
; PHYSICAL_SYNTHESIS_COMBO_LOGIC                    ; On                                     ; Off           ; --                ; --         ;
; PHYSICAL_SYNTHESIS_REGISTER_DUPLICATION           ; On                                     ; Off           ; --                ; --         ;
; PHYSICAL_SYNTHESIS_REGISTER_RETIMING              ; On                                     ; Off           ; --                ; --         ;
; PLACEMENT_EFFORT_MULTIPLIER                       ; 4.0                                    ; 1.0           ; --                ; --         ;
; POWER_BOARD_THERMAL_MODEL                         ; None (CONSERVATIVE)                    ; --            ; --                ; --         ;
; POWER_DEFAULT_INPUT_IO_TOGGLE_RATE                ; 12.5 %                                 ; 12.5%         ; --                ; --         ;
; POWER_PRESET_COOLING_SOLUTION                     ; 23 MM HEAT SINK WITH 200 LFPM AIRFLOW  ; --            ; --                ; --         ;
; PROJECT_OUTPUT_DIRECTORY                          ; output_files                           ; --            ; --                ; --         ;
; QII_AUTO_PACKED_REGISTERS                         ; Normal                                 ; Auto          ; --                ; --         ;
; ROUTER_CLOCKING_TOPOLOGY_ANALYSIS                 ; On                                     ; Off           ; --                ; --         ;
; ROUTER_LCELL_INSERTION_AND_LOGIC_DUPLICATION      ; On                                     ; Auto          ; --                ; --         ;
; ROUTER_TIMING_OPTIMIZATION_LEVEL                  ; MAXIMUM                                ; Normal        ; --                ; --         ;
; SMART_RECOMPILE                                   ; On                                     ; Off           ; --                ; --         ;
; STATE_MACHINE_PROCESSING                          ; One-Hot                                ; Auto          ; --                ; --         ;
; TIMING_ANALYZER_DO_REPORT_TIMING                  ; On                                     ; Off           ; --                ; --         ;
; TOP_LEVEL_ENTITY                                  ; single_buffer_top                      ; Max_10_Buffer ; --                ; --         ;
+---------------------------------------------------+----------------------------------------+---------------+-------------------+------------+


+-----------------------------------------------------------------------------------------------------------------------------+
; Flow Elapsed Time                                                                                                           ;
+-------------------------+--------------+-------------------------+---------------------+------------------------------------+
; Module Name             ; Elapsed Time ; Average Processors Used ; Peak Virtual Memory ; Total CPU Time (on all processors) ;
+-------------------------+--------------+-------------------------+---------------------+------------------------------------+
; Analysis & Synthesis    ; 00:00:23     ; 1.0                     ; 4848 MB             ; 00:00:40                           ;
; I/O Assignment Analysis ; 00:00:05     ; 1.0                     ; 4942 MB             ; 00:00:03                           ;
; Fitter                  ; 00:00:13     ; 1.1                     ; 5326 MB             ; 00:00:15                           ;
; Assembler               ; 00:00:02     ; 1.0                     ; 4697 MB             ; 00:00:02                           ;
; Power Analyzer          ; 00:00:05     ; 1.1                     ; 4817 MB             ; 00:00:04                           ;
; Timing Analyzer         ; 00:00:06     ; 1.1                     ; 4783 MB             ; 00:00:05                           ;
; Total                   ; 00:00:54     ; --                      ; --                  ; 00:01:09                           ;
+-------------------------+--------------+-------------------------+---------------------+------------------------------------+


+---------------------------------------------------------------------------------------+
; Flow OS Summary                                                                       ;
+-------------------------+------------------+------------+------------+----------------+
; Module Name             ; Machine Hostname ; OS Name    ; OS Version ; Processor type ;
+-------------------------+------------------+------------+------------+----------------+
; Analysis & Synthesis    ; JAMES-TABLET     ; Windows 10 ; 10.0       ; x86_64         ;
; I/O Assignment Analysis ; JAMES-TABLET     ; Windows 10 ; 10.0       ; x86_64         ;
; Fitter                  ; JAMES-TABLET     ; Windows 10 ; 10.0       ; x86_64         ;
; Assembler               ; JAMES-TABLET     ; Windows 10 ; 10.0       ; x86_64         ;
; Power Analyzer          ; JAMES-TABLET     ; Windows 10 ; 10.0       ; x86_64         ;
; Timing Analyzer         ; JAMES-TABLET     ; Windows 10 ; 10.0       ; x86_64         ;
+-------------------------+------------------+------------+------------+----------------+


------------
; Flow Log ;
------------
quartus_map --read_settings_files=on --write_settings_files=off Max_10_Buffer -c Max_10_Buffer
quartus_fit --read_settings_files=off --write_settings_files=off Max_10_Buffer -c Max_10_Buffer --plan
quartus_fit --read_settings_files=off --write_settings_files=off Max_10_Buffer -c Max_10_Buffer
quartus_asm --read_settings_files=off --write_settings_files=off Max_10_Buffer -c Max_10_Buffer
quartus_pow --read_settings_files=off --write_settings_files=off Max_10_Buffer -c Max_10_Buffer
quartus_sta Max_10_Buffer -c Max_10_Buffer



